<?xml version="1.0" encoding="UTF-8"?>
<!-- Generated by org.testng.reporters.JUnitXMLReporter -->
<testsuite ignored="0" hostname="DESKTOP-LEDVHGH" failures="0" tests="7" name="my tests" time="13.065" errors="0" timestamp="2025-04-05T18:06:45 IST">
  <testcase classname="day42.OrangeHRMTest" name="openpp" time="5.017"/>
  <testcase classname="day42.OrangeHRMTest" name="testLogo" time="7.062"/>
  <testcase classname="day42.OrangeHRMTest" name="testLogin" time="0.286"/>
  <testcase classname="day42.OrangeHRMTest" name="closeApp" time="0.6"/>
  <testcase classname="day42.FirstTestCase" name="openapp" time="0.008"/>
  <testcase classname="day42.FirstTestCase" name="login" time="0.005"/>
  <testcase classname="day42.FirstTestCase" name="logout" time="0.003"/>
</testsuite> <!-- my tests -->
