<?xml version="1.0" encoding="UTF-8"?>
<!-- Generated by org.testng.reporters.JUnitXMLReporter -->
<testsuite ignored="0" hostname="DESKTOP-LEDVHGH" failures="0" tests="4" name="ParallelTests" time="1.125" errors="0" timestamp="2025-06-02T00:06:58 IST">
  <testcase classname="infosysFirstRound.ParallelTestDemo" name="testCase3" time="1.029"/>
  <testcase classname="infosysFirstRound.ParallelTestDemo" name="testCase4" time="1.029"/>
  <testcase classname="infosysFirstRound.ParallelTestDemo" name="testCase2" time="1.029"/>
  <testcase classname="infosysFirstRound.ParallelTestDemo" name="testCase1" time="1.029"/>
</testsuite> <!-- ParallelTests -->
