<?xml version="1.0" encoding="UTF-8"?>
<!-- Generated by org.testng.reporters.JUnitXMLReporter -->
<testsuite ignored="0" hostname="DESKTOP-LEDVHGH" failures="0" tests="4" name="Default test" time="0.099" errors="0" timestamp="2025-06-01T19:57:46 IST">
  <testcase classname="infosysFirstRound.TestNGAnnotationDemo" name="testLogin" time="0.011"/>
  <testcase classname="infosysFirstRound.TestNGAnnotationDemo" name="testHomePage" time="0.002"/>
  <testcase classname="infosysFirstRound.TestNGAnnotationDemo" name="testLogout" time="0.002"/>
  <testcase classname="infosysFirstRound.TestNGAnnotationDemo" name="testDisabled" time="0.001"/>
</testsuite> <!-- Default test -->
