<?xml version="1.0" encoding="UTF-8"?>
<!-- Generated by org.testng.reporters.JUnitXMLReporter -->
<testsuite ignored="6" hostname="DESKTOP-LEDVHGH" failures="0" tests="2" name="groupingtests" time="0.081" errors="0" timestamp="2025-04-06T12:26:41 IST">
  <testcase classname="day44.PaymentTests" name="paymentinRupees" time="0.011"/>
  <testcase classname="day44.PaymentTests" name="paymentinDollers" time="0.001"/>
  <testcase classname="day44.LoginTests" name="loginByFacebook" time="0.0">
    <ignored/>
  </testcase> <!-- loginByFacebook -->
  <testcase classname="day44.SignUpTests" name="signupbytwitter" time="0.0">
    <ignored/>
  </testcase> <!-- signupbytwitter -->
  <testcase classname="day44.LoginTests" name="loginByEmail" time="0.0">
    <ignored/>
  </testcase> <!-- loginByEmail -->
  <testcase classname="day44.SignUpTests" name="signupbyemail" time="0.0">
    <ignored/>
  </testcase> <!-- signupbyemail -->
  <testcase classname="day44.LoginTests" name="loginBytwitter" time="0.0">
    <ignored/>
  </testcase> <!-- loginBytwitter -->
  <testcase classname="day44.SignUpTests" name="signupbyfacebook" time="0.0">
    <ignored/>
  </testcase> <!-- signupbyfacebook -->
</testsuite> <!-- groupingtests -->
