<?xml version="1.0" encoding="UTF-8"?>
<!-- Generated by org.testng.reporters.JUnitXMLReporter -->
<testsuite ignored="1" hostname="DESKTOP-LEDVHGH" failures="0" tests="5" name="Regression Suite" time="0.037" errors="0" timestamp="2025-06-01T22:41:36 IST">
  <testcase classname="infosysFirstRound.TestSuiteDemo" name="verifyLogin" time="0.001"/>
  <testcase classname="infosysFirstRound.TestSuiteDemo" name="verifyProfileUpdate" time="0.001"/>
  <testcase classname="infosysFirstRound.TestSuiteDemo" name="verifySearchFunctionality" time="0.001"/>
  <testcase classname="infosysFirstRound.TestSuiteDemo" name="verifyLogout" time="0.001"/>
  <testcase classname="infosysFirstRound.TestSuiteDemo" name="verifyTitle" time="0.002"/>
  <testcase classname="infosysFirstRound.TestSuiteDemo" name="disabledTest" time="0.0">
    <ignored/>
  </testcase> <!-- disabledTest -->
</testsuite> <!-- Regression Suite -->
