<?xml version="1.0" encoding="UTF-8"?>
<!-- Generated by org.testng.reporters.JUnitXMLReporter -->
<testsuite ignored="0" hostname="DESKTOP-LEDVHGH" failures="0" tests="3" name="firefoxtest" time="23.981" errors="0" timestamp="2025-04-06T20:30:46 IST">
  <testcase classname="day45.ParamTest" name="testLogo" time="0.047"/>
  <testcase classname="day45.ParamTest" name="testTitle" time="0.006"/>
  <testcase classname="day45.ParamTest" name="testURL" time="0.003"/>
</testsuite> <!-- firefoxtest -->
