<?xml version="1.0" encoding="UTF-8"?>
<!-- Generated by org.testng.reporters.JUnitXMLReporter -->
<testsuite ignored="0" hostname="DESKTOP-LEDVHGH" failures="0" tests="4" name="Test" time="0.092" errors="0" timestamp="2025-06-01T21:10:04 IST">
  <testcase classname="infosysFirstRound.TestNGAnnotationDemo" name="testLogin" time="0.008"/>
  <testcase classname="infosysFirstRound.TestNGAnnotationDemo" name="testHomePage" time="0.003"/>
  <testcase classname="infosysFirstRound.TestNGAnnotationDemo" name="testLogout" time="0.001"/>
  <testcase classname="infosysFirstRound.TestNGAnnotationDemo" name="testDisabled" time="0.001"/>
</testsuite> <!-- Test -->
