<?xml version="1.0" encoding="UTF-8"?>
<testng-results ignored="0" total="4" passed="4" failed="0" skipped="0">
  <reporter-output>
  </reporter-output>
  <suite started-at="2025-06-02T00:21:50 IST" name="ParallelTestsSuite" finished-at="2025-06-02T00:21:52 IST" duration-ms="2119">
    <groups>
    </groups>
    <test started-at="2025-06-02T00:21:50 IST" name="SmokeSuite" finished-at="2025-06-02T00:21:52 IST" duration-ms="2119">
      <class name="infosysFirstRound.ParallelTest2Demo">
        <test-method signature="testFour()[pri:0, instance:infosysFirstRound.ParallelTest2Demo@31f9b85e]" started-at="2025-06-02T00:21:50 IST" name="testFour" finished-at="2025-06-02T00:21:51 IST" duration-ms="1027" status="PASS">
          <reporter-output>
          </reporter-output>
        </test-method> <!-- testFour -->
        <test-method signature="testThree()[pri:0, instance:infosysFirstRound.ParallelTest2Demo@31f9b85e]" started-at="2025-06-02T00:21:51 IST" name="testThree" finished-at="2025-06-02T00:21:52 IST" duration-ms="1008" status="PASS">
          <reporter-output>
          </reporter-output>
        </test-method> <!-- testThree -->
      </class> <!-- infosysFirstRound.ParallelTest2Demo -->
    </test> <!-- SmokeSuite -->
    <test started-at="2025-06-02T00:21:50 IST" name="RegressionSuite" finished-at="2025-06-02T00:21:52 IST" duration-ms="2119">
      <class name="infosysFirstRound.ParallelTest1Demo">
        <test-method signature="testOne()[pri:0, instance:infosysFirstRound.ParallelTest1Demo@302552ec]" started-at="2025-06-02T00:21:50 IST" name="testOne" finished-at="2025-06-02T00:21:51 IST" duration-ms="1027" status="PASS">
          <reporter-output>
          </reporter-output>
        </test-method> <!-- testOne -->
        <test-method signature="testTwo()[pri:0, instance:infosysFirstRound.ParallelTest1Demo@302552ec]" started-at="2025-06-02T00:21:51 IST" name="testTwo" finished-at="2025-06-02T00:21:52 IST" duration-ms="1008" status="PASS">
          <reporter-output>
          </reporter-output>
        </test-method> <!-- testTwo -->
      </class> <!-- infosysFirstRound.ParallelTest1Demo -->
    </test> <!-- RegressionSuite -->
  </suite> <!-- ParallelTestsSuite -->
</testng-results>
