<?xml version="1.0" encoding="UTF-8"?>
<!-- Generated by org.testng.reporters.JUnitXMLReporter -->
<testsuite ignored="0" hostname="DESKTOP-LEDVHGH" failures="0" tests="4" name="ParallelClasses" time="2.11" errors="0" timestamp="2025-06-02T00:14:33 IST">
  <testcase classname="infosysFirstRound.ParallelClass2Demo" name="testFour" time="1.017"/>
  <testcase classname="infosysFirstRound.ParallelClass1Demo" name="testOne" time="1.018"/>
  <testcase classname="infosysFirstRound.ParallelClass1Demo" name="testTwo" time="1.008"/>
  <testcase classname="infosysFirstRound.ParallelClass2Demo" name="testThree" time="1.009"/>
</testsuite> <!-- ParallelClasses -->
